[32m2019-01-30 18:47:19 [ INFO] [                   c.a.a.AppsApplication:   ] - Starting AppsApplication on anka with PID 3740 (E:\Workspaces\apps\target\classes started by Administrator in E:\Workspaces\apps)
[m[32m2019-01-30 18:47:19 [ INFO] [                   c.a.a.AppsApplication:   ] - The following profiles are active: dev
[m[32m2019-01-30 18:47:19 [ INFO] [.e.DevToolsPropertyDefaultsPostProcessor:   ] - Devtools property defaults active! Set 'spring.devtools.add-properties' to 'false' to disable
[m[32m2019-01-30 18:47:19 [ INFO] [.e.DevToolsPropertyDefaultsPostProcessor:   ] - For additional web related logging consider setting the 'logging.level.web' property to 'DEBUG'
[m[34m2019-01-30 18:47:21 [ WARN] [          o.m.s.m.ClassPathMapperScanner:   ] - No MyBatis mapper was found in '[com.anka.apps]' package. Please check your configuration.
[m[32m2019-01-30 18:47:22 [ INFO] [             o.s.b.w.e.t.TomcatWebServer:   ] - Tomcat initialized with port(s): 8080 (http)
[m[32m2019-01-30 18:47:22 [ INFO] [               o.a.c.h.Http11NioProtocol:   ] - Initializing ProtocolHandler ["http-nio-8080"]
[m[32m2019-01-30 18:47:22 [ INFO] [                 o.a.c.c.StandardService:   ] - Starting service [Tomcat]
[m[32m2019-01-30 18:47:22 [ INFO] [                  o.a.c.c.StandardEngine:   ] - Starting Servlet engine: [Apache Tomcat/9.0.14]
[m[32m2019-01-30 18:47:22 [ INFO] [            o.a.c.c.AprLifecycleListener:   ] - The APR based Apache Tomcat Native library which allows optimal performance in production environments was not found on the java.library.path: [C:\Program Files\Java\jdk1.8.0_201\bin;C:\Windows\Sun\Java\bin;C:\Windows\system32;C:\Windows;C:\Program Files (x86)\Common Files\Oracle\Java\javapath;C:\Windows\system32;C:\Windows;C:\Windows\System32\Wbem;C:\Windows\System32\WindowsPowerShell\v1.0\;C:\Program Files\Java\jdk1.8.0_201\bin;C:\Program Files\Java\jdk1.8.0_201\jre\bin;E:\apache-maven-3.6.0\bin;E:\mysql-8.0.14-winx64\bin;;.]
[m[32m2019-01-30 18:47:22 [ INFO] [                       o.a.c.c.C.[.[.[/]:   ] - Initializing Spring embedded WebApplicationContext
[m[32m2019-01-30 18:47:22 [ INFO] [                   o.s.w.c.ContextLoader:   ] - Root WebApplicationContext: initialization completed in 2367 ms
[m[32m2019-01-30 18:47:22 [ INFO] [c.a.d.s.b.a.DruidDataSourceAutoConfigure:   ] - Init DruidDataSource
[m[32m2019-01-30 18:47:23 [ INFO] [                 c.a.d.p.DruidDataSource:   ] - {dataSource-1,ankaMysql} inited
[m[32m2019-01-30 18:47:24 [ INFO] [          o.s.s.c.ThreadPoolTaskExecutor:   ] - Initializing ExecutorService 'applicationTaskExecutor'
[m[32m2019-01-30 18:47:24 [ INFO] [             t.m.m.a.MapperCacheDisabler:   ] - Clear tk.mybatis.mapper.util.MsUtil CLASS_CACHE cache.
[m[32m2019-01-30 18:47:24 [ INFO] [             t.m.m.a.MapperCacheDisabler:   ] - Clear tk.mybatis.mapper.genid.GenIdUtil CACHE cache.
[m[32m2019-01-30 18:47:24 [ INFO] [             t.m.m.a.MapperCacheDisabler:   ] - Clear tk.mybatis.mapper.version.VersionUtil CACHE cache.
[m[32m2019-01-30 18:47:24 [ INFO] [             t.m.m.a.MapperCacheDisabler:   ] - Clear EntityHelper entityTableMap cache.
[m[32m2019-01-30 18:47:24 [ INFO] [      o.s.b.d.a.OptionalLiveReloadServer:   ] - LiveReload server is running on port 35729
[m[32m2019-01-30 18:47:24 [ INFO] [               o.a.c.h.Http11NioProtocol:   ] - Starting ProtocolHandler ["http-nio-8080"]
[m[32m2019-01-30 18:47:24 [ INFO] [             o.s.b.w.e.t.TomcatWebServer:   ] - Tomcat started on port(s): 8080 (http) with context path ''
[m[32m2019-01-30 18:47:24 [ INFO] [                   c.a.a.AppsApplication:   ] - Started AppsApplication in 5.598 seconds (JVM running for 6.869)
[m[32m2019-01-30 18:47:33 [ INFO] [inMXBeanRegistrar$SpringApplicationAdmin:   ] - Application shutdown requested.
[m[32m2019-01-30 18:47:33 [ INFO] [          o.s.s.c.ThreadPoolTaskExecutor:   ] - Shutting down ExecutorService 'applicationTaskExecutor'
[m[32m2019-01-30 18:47:33 [ INFO] [                 c.a.d.p.DruidDataSource:   ] - {dataSource-1} closed
[m[32m2019-01-30 18:51:42 [ INFO] [                   c.a.a.AppsApplication:   ] - Starting AppsApplication on anka with PID 4196 (E:\Workspaces\apps\target\classes started by Administrator in E:\Workspaces\apps)
[m[32m2019-01-30 18:51:42 [ INFO] [                   c.a.a.AppsApplication:   ] - The following profiles are active: dev
[m[32m2019-01-30 18:51:42 [ INFO] [.e.DevToolsPropertyDefaultsPostProcessor:   ] - Devtools property defaults active! Set 'spring.devtools.add-properties' to 'false' to disable
[m[32m2019-01-30 18:51:42 [ INFO] [.e.DevToolsPropertyDefaultsPostProcessor:   ] - For additional web related logging consider setting the 'logging.level.web' property to 'DEBUG'
[m[34m2019-01-30 18:51:43 [ WARN] [          o.m.s.m.ClassPathMapperScanner:   ] - No MyBatis mapper was found in '[com.anka.apps]' package. Please check your configuration.
[m[32m2019-01-30 18:51:44 [ INFO] [             o.s.b.w.e.t.TomcatWebServer:   ] - Tomcat initialized with port(s): 8080 (http)
[m[32m2019-01-30 18:51:44 [ INFO] [               o.a.c.h.Http11NioProtocol:   ] - Initializing ProtocolHandler ["http-nio-8080"]
[m[32m2019-01-30 18:51:44 [ INFO] [                 o.a.c.c.StandardService:   ] - Starting service [Tomcat]
[m[32m2019-01-30 18:51:44 [ INFO] [                  o.a.c.c.StandardEngine:   ] - Starting Servlet engine: [Apache Tomcat/9.0.14]
[m[32m2019-01-30 18:51:44 [ INFO] [            o.a.c.c.AprLifecycleListener:   ] - The APR based Apache Tomcat Native library which allows optimal performance in production environments was not found on the java.library.path: [C:\Program Files\Java\jdk1.8.0_201\bin;C:\Windows\Sun\Java\bin;C:\Windows\system32;C:\Windows;C:\Program Files (x86)\Common Files\Oracle\Java\javapath;C:\Windows\system32;C:\Windows;C:\Windows\System32\Wbem;C:\Windows\System32\WindowsPowerShell\v1.0\;C:\Program Files\Java\jdk1.8.0_201\bin;C:\Program Files\Java\jdk1.8.0_201\jre\bin;E:\apache-maven-3.6.0\bin;E:\mysql-8.0.14-winx64\bin;;.]
[m[32m2019-01-30 18:51:44 [ INFO] [                       o.a.c.c.C.[.[.[/]:   ] - Initializing Spring embedded WebApplicationContext
[m[32m2019-01-30 18:51:44 [ INFO] [                   o.s.w.c.ContextLoader:   ] - Root WebApplicationContext: initialization completed in 2386 ms
[m[32m2019-01-30 18:51:44 [ INFO] [c.a.d.s.b.a.DruidDataSourceAutoConfigure:   ] - Init DruidDataSource
[m[32m2019-01-30 18:51:45 [ INFO] [                 c.a.d.p.DruidDataSource:   ] - {dataSource-1,ankaMysql} inited
[m[32m2019-01-30 18:51:46 [ INFO] [          o.s.s.c.ThreadPoolTaskExecutor:   ] - Initializing ExecutorService 'applicationTaskExecutor'
[m[32m2019-01-30 18:51:46 [ INFO] [             t.m.m.a.MapperCacheDisabler:   ] - Clear tk.mybatis.mapper.util.MsUtil CLASS_CACHE cache.
[m[32m2019-01-30 18:51:46 [ INFO] [             t.m.m.a.MapperCacheDisabler:   ] - Clear tk.mybatis.mapper.genid.GenIdUtil CACHE cache.
[m[32m2019-01-30 18:51:46 [ INFO] [             t.m.m.a.MapperCacheDisabler:   ] - Clear tk.mybatis.mapper.version.VersionUtil CACHE cache.
[m[32m2019-01-30 18:51:46 [ INFO] [             t.m.m.a.MapperCacheDisabler:   ] - Clear EntityHelper entityTableMap cache.
[m[32m2019-01-30 18:51:46 [ INFO] [      o.s.b.d.a.OptionalLiveReloadServer:   ] - LiveReload server is running on port 35729
[m[32m2019-01-30 18:51:47 [ INFO] [               o.a.c.h.Http11NioProtocol:   ] - Starting ProtocolHandler ["http-nio-8080"]
[m[32m2019-01-30 18:51:47 [ INFO] [             o.s.b.w.e.t.TomcatWebServer:   ] - Tomcat started on port(s): 8080 (http) with context path ''
[m[32m2019-01-30 18:51:47 [ INFO] [                   c.a.a.AppsApplication:   ] - Started AppsApplication in 5.678 seconds (JVM running for 6.879)
[m[32m2019-01-30 18:55:46 [ INFO] [                       o.a.c.c.C.[.[.[/]:   ] - Initializing Spring DispatcherServlet 'dispatcherServlet'
[m[32m2019-01-30 18:55:46 [ INFO] [               o.s.w.s.DispatcherServlet:   ] - Initializing Servlet 'dispatcherServlet'
[m[32m2019-01-30 18:55:46 [ INFO] [               o.s.w.s.DispatcherServlet:   ] - Completed initialization in 12 ms
[m